# JRE version: Java(TM) SE Runtime Environment (20.0.1+9) (build 20.0.1+9-29)
# Java VM: Java HotSpot(TM) 64-Bit Server VM (20.0.1+9-29, mixed mode, sharing, tiered, compressed oops, compressed class ptrs, g1 gc, windows-amd64)
GC Precious Log:
 CardTable entry size: 512
 Card Set container configuration: InlinePtr #cards 5 size 8 Array Of Cards #cards 12 size 40 Howl #buckets 4 coarsen threshold 1843 Howl Bitmap #cards 512 size 80 coarsen threshold 460 Card regions per heap region 1 cards per card region 2048
 CPUs: 8 total, 8 available
 Memory: 5877M
 Large Page Support: Disabled
 NUMA Support: Disabled
 Compressed Oops: Enabled (32-bit)
 Heap Region Size: 1M
 Heap Min Capacity: 8M
 Heap Initial Capacity: 8M
 Heap Max Capacity: 1470M
 Pre-touch: Disabled
 Parallel Workers: 8
 Concurrent Workers: 2
 Concurrent Refinement Workers: 8
 Periodic GC: Disabled
Heap:
 garbage-first heap   total 35840K, used 14467K [0x00000000a4200000, 0x0000000100000000)
  region size 1024K, 6 young (6144K), 1 survivors (1024K)
 Metaspace       used 10254K, committed 10432K, reserved 1114112K
  class space    used 1116K, committed 1216K, reserved 1048576K
GC Heap History (20 events):
Event: 1.068 GC heap before
{Heap before GC invocations=4 (full 0):
 garbage-first heap   total 8192K, used 4520K [0x00000000a4200000, 0x0000000100000000)
  region size 1024K, 3 young (3072K), 1 survivors (1024K)
 Metaspace       used 8135K, committed 8320K, reserved 1114112K
  class space    used 906K, committed 1024K, reserved 1048576K
}
Event: 1.072 GC heap after
{Heap after GC invocations=5 (full 0):
 garbage-first heap   total 8192K, used 3068K [0x00000000a4200000, 0x0000000100000000)
  region size 1024K, 1 young (1024K), 1 survivors (1024K)
 Metaspace       used 8135K, committed 8320K, reserved 1114112K
  class space    used 906K, committed 1024K, reserved 1048576K
}
Event: 1.113 GC heap before
{Heap before GC invocations=5 (full 0):
 garbage-first heap   total 8192K, used 4092K [0x00000000a4200000, 0x0000000100000000)
  region size 1024K, 2 young (2048K), 1 survivors (1024K)
 Metaspace       used 8234K, committed 8448K, reserved 1114112K
  class space    used 914K, committed 1024K, reserved 1048576K
}
Event: 1.117 GC heap after
{Heap after GC invocations=6 (full 0):
 garbage-first heap   total 10240K, used 3440K [0x00000000a4200000, 0x0000000100000000)
  region size 1024K, 1 young (1024K), 1 survivors (1024K)
 Metaspace       used 8234K, committed 8448K, reserved 1114112K
  class space    used 914K, committed 1024K, reserved 1048576K
}
Event: 1.168 GC heap before
{Heap before GC invocations=6 (full 0):
 garbage-first heap   total 10240K, used 5488K [0x00000000a4200000, 0x0000000100000000)
  region size 1024K, 3 young (3072K), 1 survivors (1024K)
 Metaspace       used 8361K, committed 8576K, reserved 1114112K
  class space    used 933K, committed 1024K, reserved 1048576K
}
Event: 1.172 GC heap after
{Heap after GC invocations=7 (full 0):
 garbage-first heap   total 10240K, used 3770K [0x00000000a4200000, 0x0000000100000000)
  region size 1024K, 1 young (1024K), 1 survivors (1024K)
 Metaspace       used 8361K, committed 8576K, reserved 1114112K
  class space    used 933K, committed 1024K, reserved 1048576K
}
Event: 1.235 GC heap before
{Heap before GC invocations=7 (full 0):
 garbage-first heap   total 10240K, used 5818K [0x00000000a4200000, 0x0000000100000000)
  region size 1024K, 3 young (3072K), 1 survivors (1024K)
 Metaspace       used 8516K, committed 8768K, reserved 1114112K
  class space    used 950K, committed 1088K, reserved 1048576K
}
Event: 1.238 GC heap after
{Heap after GC invocations=8 (full 0):
 garbage-first heap   total 10240K, used 4016K [0x00000000a4200000, 0x0000000100000000)
  region size 1024K, 1 young (1024K), 1 survivors (1024K)
 Metaspace       used 8516K, committed 8768K, reserved 1114112K
  class space    used 950K, committed 1088K, reserved 1048576K
}
Event: 1.275 GC heap before
{Heap before GC invocations=8 (full 0):
 garbage-first heap   total 10240K, used 6064K [0x00000000a4200000, 0x0000000100000000)
  region size 1024K, 3 young (3072K), 1 survivors (1024K)
 Metaspace       used 8597K, committed 8832K, reserved 1114112K
  class space    used 960K, committed 1088K, reserved 1048576K
}
Event: 1.277 GC heap after
{Heap after GC invocations=9 (full 0):
 garbage-first heap   total 10240K, used 4392K [0x00000000a4200000, 0x0000000100000000)
  region size 1024K, 1 young (1024K), 1 survivors (1024K)
 Metaspace       used 8597K, committed 8832K, reserved 1114112K
  class space    used 960K, committed 1088K, reserved 1048576K
}
Event: 1.295 GC heap before
{Heap before GC invocations=9 (full 0):
 garbage-first heap   total 10240K, used 6440K [0x00000000a4200000, 0x0000000100000000)
  region size 1024K, 3 young (3072K), 1 survivors (1024K)
 Metaspace       used 8605K, committed 8832K, reserved 1114112K
  class space    used 960K, committed 1088K, reserved 1048576K
}
Event: 1.298 GC heap after
{Heap after GC invocations=10 (full 0):
 garbage-first heap   total 18432K, used 4578K [0x00000000a4200000, 0x0000000100000000)
  region size 1024K, 1 young (1024K), 1 survivors (1024K)
 Metaspace       used 8605K, committed 8832K, reserved 1114112K
  class space    used 960K, committed 1088K, reserved 1048576K
}
Event: 1.333 GC heap before
{Heap before GC invocations=10 (full 0):
 garbage-first heap   total 18432K, used 12770K [0x00000000a4200000, 0x0000000100000000)
  region size 1024K, 9 young (9216K), 1 survivors (1024K)
 Metaspace       used 8608K, committed 8832K, reserved 1114112K
  class space    used 960K, committed 1088K, reserved 1048576K
}
Event: 1.337 GC heap after
{Heap after GC invocations=11 (full 0):
 garbage-first heap   total 18432K, used 5726K [0x00000000a4200000, 0x0000000100000000)
  region size 1024K, 2 young (2048K), 2 survivors (2048K)
 Metaspace       used 8608K, committed 8832K, reserved 1114112K
  class space    used 960K, committed 1088K, reserved 1048576K
}
Event: 1.419 GC heap before
{Heap before GC invocations=11 (full 0):
 garbage-first heap   total 18432K, used 12894K [0x00000000a4200000, 0x0000000100000000)
  region size 1024K, 9 young (9216K), 2 survivors (2048K)
 Metaspace       used 8726K, committed 8960K, reserved 1114112K
  class space    used 968K, committed 1088K, reserved 1048576K
}
Event: 1.425 GC heap after
{Heap after GC invocations=12 (full 0):
 garbage-first heap   total 18432K, used 7382K [0x00000000a4200000, 0x0000000100000000)
  region size 1024K, 2 young (2048K), 2 survivors (2048K)
 Metaspace       used 8726K, committed 8960K, reserved 1114112K
  class space    used 968K, committed 1088K, reserved 1048576K
}
Event: 1.694 GC heap before
{Heap before GC invocations=12 (full 0):
 garbage-first heap   total 18432K, used 14550K [0x00000000a4200000, 0x0000000100000000)
  region size 1024K, 8 young (8192K), 2 survivors (2048K)
 Metaspace       used 9511K, committed 9664K, reserved 1114112K
  class space    used 1068K, committed 1152K, reserved 1048576K
}
Event: 1.702 GC heap after
{Heap after GC invocations=13 (full 0):
 garbage-first heap   total 18432K, used 9216K [0x00000000a4200000, 0x0000000100000000)
  region size 1024K, 1 young (1024K), 1 survivors (1024K)
 Metaspace       used 9511K, committed 9664K, reserved 1114112K
  class space    used 1068K, committed 1152K, reserved 1048576K
}
Event: 1.953 GC heap before
{Heap before GC invocations=13 (full 0):
 garbage-first heap   total 18432K, used 14336K [0x00000000a4200000, 0x0000000100000000)
  region size 1024K, 6 young (6144K), 1 survivors (1024K)
 Metaspace       used 9917K, committed 10176K, reserved 1114112K
  class space    used 1111K, committed 1216K, reserved 1048576K
}
Event: 1.959 GC heap after
{Heap after GC invocations=14 (full 0):
 garbage-first heap   total 35840K, used 10371K [0x00000000a4200000, 0x0000000100000000)
  region size 1024K, 1 young (1024K), 1 survivors (1024K)
 Metaspace       used 9917K, committed 10176K, reserved 1114112K
  class space    used 1111K, committed 1216K, reserved 1048576K
}

